[debug] [2017-08-30T05:30:25.914Z] ----------------------------------------------------------------------
[debug] [2017-08-30T05:30:25.916Z] Command:       /usr/bin/nodejs /usr/bin/firebase serve --only functions,hosting
[debug] [2017-08-30T05:30:25.917Z] CLI Version:   3.9.2
[debug] [2017-08-30T05:30:25.917Z] Platform:      linux
[debug] [2017-08-30T05:30:25.917Z] Node Version:  v6.11.2
[debug] [2017-08-30T05:30:25.917Z] Time:          Wed Aug 30 2017 00:30:25 GMT-0500 (COT)
[debug] [2017-08-30T05:30:25.917Z] ----------------------------------------------------------------------
[debug] 
[debug] [2017-08-30T05:30:25.929Z] > command requires scopes: ["email","openid","https://www.googleapis.com/auth/cloudplatformprojects.readonly","https://www.googleapis.com/auth/firebase","https://www.googleapis.com/auth/cloud-platform"]
[debug] [2017-08-30T05:30:25.930Z] > authorizing via signed-in user
[debug] [2017-08-30T05:30:25.932Z] >>> HTTP REQUEST GET https://admin.firebase.com/v1/projects/kuanji-64c62  
 Wed Aug 30 2017 00:30:25 GMT-0500 (COT)
[debug] [2017-08-30T05:30:26.873Z] <<< HTTP RESPONSE 200
[debug] [2017-08-30T05:30:26.874Z] >>> HTTP REQUEST GET https://admin.firebase.com/v1/database/kuanji-64c62/tokens  
 Wed Aug 30 2017 00:30:26 GMT-0500 (COT)
[debug] [2017-08-30T05:30:27.558Z] <<< HTTP RESPONSE 200
[info] 
[info] === Serving from '/home/sebastian_v/Documents/universidad/2017-2/pdg2/Kuanji_pdg'...
[info] 
[info] i  functions: Preparing to emulate HTTPS functions. Support for other event types coming soon.
[debug] [2017-08-30T05:30:32.801Z] Error: EACCES: permission denied, mkdir '/usr/lib/node_modules/firebase-tools/node_modules/@google-cloud/functions-emulator/logs'
    at Error (native)
    at Object.fs.mkdirSync (fs.js:923:18)
    at Object.assertLogsPath (/usr/lib/node_modules/firebase-tools/node_modules/@google-cloud/functions-emulator/src/emulator/logs.js:65:10)
    at new Controller (/usr/lib/node_modules/firebase-tools/node_modules/@google-cloud/functions-emulator/src/cli/controller.js:85:32)
    at Object._startEmulator [as start] (/usr/lib/node_modules/firebase-tools/lib/serve/functions.js:88:16)
    at /usr/lib/node_modules/firebase-tools/lib/serve/index.js:16:19
    at arrayMap (/usr/lib/node_modules/firebase-tools/node_modules/lodash/lodash.js:660:23)
    at Function.map (/usr/lib/node_modules/firebase-tools/node_modules/lodash/lodash.js:9571:14)
    at _serve (/usr/lib/node_modules/firebase-tools/lib/serve/index.js:14:21)
    at Command._action (/usr/lib/node_modules/firebase-tools/commands/serve.js:42:12)
[error] 
[error] Error: An unexpected error has occurred.
[debug] [2017-08-30T05:33:17.946Z] ----------------------------------------------------------------------
[debug] [2017-08-30T05:33:17.949Z] Command:       /usr/bin/nodejs /usr/bin/firebase serve --only functions,hosting
[debug] [2017-08-30T05:33:17.949Z] CLI Version:   3.9.2
[debug] [2017-08-30T05:33:17.949Z] Platform:      linux
[debug] [2017-08-30T05:33:17.949Z] Node Version:  v6.11.2
[debug] [2017-08-30T05:33:17.949Z] Time:          Wed Aug 30 2017 00:33:17 GMT-0500 (COT)
[debug] [2017-08-30T05:33:17.949Z] ----------------------------------------------------------------------
[debug] 
[debug] [2017-08-30T05:33:17.961Z] > command requires scopes: ["email","openid","https://www.googleapis.com/auth/cloudplatformprojects.readonly","https://www.googleapis.com/auth/firebase","https://www.googleapis.com/auth/cloud-platform"]
[debug] [2017-08-30T05:33:17.962Z] > authorizing via signed-in user
[debug] [2017-08-30T05:33:17.964Z] >>> HTTP REQUEST GET https://admin.firebase.com/v1/projects/kuanji-64c62  
 Wed Aug 30 2017 00:33:17 GMT-0500 (COT)
[debug] [2017-08-30T05:33:18.877Z] <<< HTTP RESPONSE 200
[debug] [2017-08-30T05:33:18.878Z] >>> HTTP REQUEST GET https://admin.firebase.com/v1/database/kuanji-64c62/tokens  
 Wed Aug 30 2017 00:33:18 GMT-0500 (COT)
[debug] [2017-08-30T05:33:19.728Z] <<< HTTP RESPONSE 200
[info] 
[info] === Serving from '/home/sebastian_v/Documents/universidad/2017-2/pdg2/Kuanji_pdg'...
[info] 
[info] i  functions: Preparing to emulate HTTPS functions. Support for other event types coming soon.
[debug] [2017-08-30T05:33:20.777Z] Error: EACCES: permission denied, mkdir '/usr/lib/node_modules/firebase-tools/node_modules/@google-cloud/functions-emulator/logs'
    at Error (native)
    at Object.fs.mkdirSync (fs.js:923:18)
    at Object.assertLogsPath (/usr/lib/node_modules/firebase-tools/node_modules/@google-cloud/functions-emulator/src/emulator/logs.js:65:10)
    at new Controller (/usr/lib/node_modules/firebase-tools/node_modules/@google-cloud/functions-emulator/src/cli/controller.js:85:32)
    at Object._startEmulator [as start] (/usr/lib/node_modules/firebase-tools/lib/serve/functions.js:88:16)
    at /usr/lib/node_modules/firebase-tools/lib/serve/index.js:16:19
    at arrayMap (/usr/lib/node_modules/firebase-tools/node_modules/lodash/lodash.js:660:23)
    at Function.map (/usr/lib/node_modules/firebase-tools/node_modules/lodash/lodash.js:9571:14)
    at _serve (/usr/lib/node_modules/firebase-tools/lib/serve/index.js:14:21)
    at Command._action (/usr/lib/node_modules/firebase-tools/commands/serve.js:42:12)
[error] 
[error] Error: An unexpected error has occurred.
[debug] [2017-08-30T05:38:26.587Z] ----------------------------------------------------------------------
[debug] [2017-08-30T05:38:26.591Z] Command:       /usr/bin/nodejs /usr/bin/firebase serve --only functions,hosting
[debug] [2017-08-30T05:38:26.591Z] CLI Version:   3.9.2
[debug] [2017-08-30T05:38:26.592Z] Platform:      linux
[debug] [2017-08-30T05:38:26.592Z] Node Version:  v6.11.2
[debug] [2017-08-30T05:38:26.592Z] Time:          Wed Aug 30 2017 00:38:26 GMT-0500 (COT)
[debug] [2017-08-30T05:38:26.592Z] ----------------------------------------------------------------------
[debug] 
[debug] [2017-08-30T05:38:26.605Z] > command requires scopes: ["email","openid","https://www.googleapis.com/auth/cloudplatformprojects.readonly","https://www.googleapis.com/auth/firebase","https://www.googleapis.com/auth/cloud-platform"]
[debug] [2017-08-30T05:38:26.605Z] > authorizing via signed-in user
[debug] [2017-08-30T05:38:26.608Z] >>> HTTP REQUEST GET https://admin.firebase.com/v1/projects/kuanji-64c62  
 Wed Aug 30 2017 00:38:26 GMT-0500 (COT)
[debug] [2017-08-30T05:38:27.481Z] <<< HTTP RESPONSE 200
[debug] [2017-08-30T05:38:27.484Z] >>> HTTP REQUEST GET https://admin.firebase.com/v1/database/kuanji-64c62/tokens  
 Wed Aug 30 2017 00:38:27 GMT-0500 (COT)
[debug] [2017-08-30T05:38:28.208Z] <<< HTTP RESPONSE 200
[info] 
[info] === Serving from '/home/sebastian_v/Documents/universidad/2017-2/pdg2/Kuanji_pdg'...
[info] 
[info] i  functions: Preparing to emulate HTTPS functions. Support for other event types coming soon.
[debug] [2017-08-30T05:38:29.281Z] Error: EACCES: permission denied, mkdir '/usr/lib/node_modules/firebase-tools/node_modules/@google-cloud/functions-emulator/logs'
    at Error (native)
    at Object.fs.mkdirSync (fs.js:923:18)
    at Object.assertLogsPath (/usr/lib/node_modules/firebase-tools/node_modules/@google-cloud/functions-emulator/src/emulator/logs.js:65:10)
    at new Controller (/usr/lib/node_modules/firebase-tools/node_modules/@google-cloud/functions-emulator/src/cli/controller.js:85:32)
    at Object._startEmulator [as start] (/usr/lib/node_modules/firebase-tools/lib/serve/functions.js:88:16)
    at /usr/lib/node_modules/firebase-tools/lib/serve/index.js:16:19
    at arrayMap (/usr/lib/node_modules/firebase-tools/node_modules/lodash/lodash.js:660:23)
    at Function.map (/usr/lib/node_modules/firebase-tools/node_modules/lodash/lodash.js:9571:14)
    at _serve (/usr/lib/node_modules/firebase-tools/lib/serve/index.js:14:21)
    at Command._action (/usr/lib/node_modules/firebase-tools/commands/serve.js:42:12)
[error] 
[error] Error: An unexpected error has occurred.
